<?xml version="1.0" encoding="UTF-8"?>
<testng-results ignored="0" total="2" passed="2" failed="0" skipped="0">
  <reporter-output>
  </reporter-output>
  <suite started-at="2025-09-08T06:50:26 IST" name="Default suite" finished-at="2025-09-08T06:51:03 IST" duration-ms="37072">
    <groups>
    </groups>
    <test started-at="2025-09-08T06:50:26 IST" name="Default test" finished-at="2025-09-08T06:51:03 IST" duration-ms="37072">
      <class name="SeleniumAssignments.Assignment6">
        <test-method is-config="true" signature="launchBrowser()[pri:0, instance:SeleniumAssignments.Assignment6@5b7a5baa]" started-at="2025-09-08T06:50:26 IST" name="launchBrowser" finished-at="2025-09-08T06:50:58 IST" duration-ms="31590" status="PASS">
          <reporter-output>
          </reporter-output>
        </test-method> <!-- launchBrowser -->
        <test-method signature="clickOnImage()[pri:0, instance:SeleniumAssignments.Assignment6@5b7a5baa]" started-at="2025-09-08T06:50:58 IST" name="clickOnImage" finished-at="2025-09-08T06:51:02 IST" duration-ms="3703" status="PASS">
          <reporter-output>
          </reporter-output>
        </test-method> <!-- clickOnImage -->
        <test-method signature="printTitles()[pri:0, instance:SeleniumAssignments.Assignment6@5b7a5baa]" started-at="2025-09-08T06:51:02 IST" name="printTitles" finished-at="2025-09-08T06:51:02 IST" duration-ms="602" status="PASS">
          <reporter-output>
          </reporter-output>
        </test-method> <!-- printTitles -->
        <test-method is-config="true" signature="quitBrowser()[pri:0, instance:SeleniumAssignments.Assignment6@5b7a5baa]" started-at="2025-09-08T06:51:02 IST" name="quitBrowser" finished-at="2025-09-08T06:51:03 IST" duration-ms="1050" status="PASS">
          <reporter-output>
          </reporter-output>
        </test-method> <!-- quitBrowser -->
      </class> <!-- SeleniumAssignments.Assignment6 -->
    </test> <!-- Default test -->
  </suite> <!-- Default suite -->
</testng-results>
